<?xml version="1.0" encoding="UTF-8"?>
<testng-results ignored="0" total="3" passed="3" failed="0" skipped="0">
  <reporter-output>
  </reporter-output>
  <suite started-at="2021-12-01T13:11:07Z" name="Default suite" finished-at="2021-12-01T13:11:59Z" duration-ms="51673">
    <groups>
    </groups>
    <test started-at="2021-12-01T13:11:07Z" name="Default test" finished-at="2021-12-01T13:11:59Z" duration-ms="51673">
      <class name="base.SwagLabs">
        <test-method is-config="true" signature="SetUp()[pri:0, instance:base.SwagLabs@42a15bdc]" started-at="2021-12-01T18:41:07Z" name="SetUp" finished-at="2021-12-01T18:41:11Z" duration-ms="3739" status="PASS">
          <reporter-output>
          </reporter-output>
        </test-method> <!-- SetUp -->
        <test-method signature="GetCart()[pri:0, instance:base.SwagLabs@42a15bdc]" started-at="2021-12-01T18:41:11Z" name="GetCart" finished-at="2021-12-01T18:41:26Z" duration-ms="15264" status="PASS">
          <reporter-output>
          </reporter-output>
        </test-method> <!-- GetCart -->
        <test-method is-config="true" signature="TearDown()[pri:0, instance:base.SwagLabs@42a15bdc]" started-at="2021-12-01T18:41:26Z" name="TearDown" finished-at="2021-12-01T18:41:27Z" duration-ms="814" status="PASS">
          <reporter-output>
          </reporter-output>
        </test-method> <!-- TearDown -->
        <test-method is-config="true" signature="SetUp()[pri:0, instance:base.SwagLabs@42a15bdc]" started-at="2021-12-01T18:41:27Z" name="SetUp" finished-at="2021-12-01T18:41:30Z" duration-ms="2498" status="PASS">
          <reporter-output>
          </reporter-output>
        </test-method> <!-- SetUp -->
        <test-method signature="Login()[pri:0, instance:base.SwagLabs@42a15bdc]" started-at="2021-12-01T18:41:30Z" name="Login" finished-at="2021-12-01T18:41:40Z" duration-ms="10389" status="PASS">
          <reporter-output>
          </reporter-output>
        </test-method> <!-- Login -->
        <test-method is-config="true" signature="TearDown()[pri:0, instance:base.SwagLabs@42a15bdc]" started-at="2021-12-01T18:41:40Z" name="TearDown" finished-at="2021-12-01T18:41:41Z" duration-ms="776" status="PASS">
          <reporter-output>
          </reporter-output>
        </test-method> <!-- TearDown -->
        <test-method is-config="true" signature="SetUp()[pri:0, instance:base.SwagLabs@42a15bdc]" started-at="2021-12-01T18:41:41Z" name="SetUp" finished-at="2021-12-01T18:41:43Z" duration-ms="2496" status="PASS">
          <reporter-output>
          </reporter-output>
        </test-method> <!-- SetUp -->
        <test-method signature="VerifyCart()[pri:0, instance:base.SwagLabs@42a15bdc]" started-at="2021-12-01T18:41:43Z" name="VerifyCart" finished-at="2021-12-01T18:41:57Z" duration-ms="14073" status="PASS">
          <reporter-output>
          </reporter-output>
        </test-method> <!-- VerifyCart -->
        <test-method is-config="true" signature="TearDown()[pri:0, instance:base.SwagLabs@42a15bdc]" started-at="2021-12-01T18:41:57Z" name="TearDown" finished-at="2021-12-01T18:41:59Z" duration-ms="1575" status="PASS">
          <reporter-output>
          </reporter-output>
        </test-method> <!-- TearDown -->
      </class> <!-- base.SwagLabs -->
    </test> <!-- Default test -->
  </suite> <!-- Default suite -->
</testng-results>
